[1124/024024.691:INFO:CONSOLE(5)] "Error while parsing the 'sandbox' attribute: 'allow', '-', 'popups', 'to', 'escape', 'sandbox', 'same', 'origin', 'scripts' are invalid sandbox flags.", source: data:text/html,%0D%0A%20%20%20%20%20%20%20%20%20%20%20%20%3Chtml%3E%0D%0A%20%20%20%20%20%20%20%20%20%20%20%20%20%20%20%20%3Cbody%3E%0D%0A%20%20%20%20%20%20%20%20%20%20%20%20%20%20%20%20%20%20%20%20%3Ciframe%20width%3D%27350%27%20height%3D%27500%27%20allowtransparency%3D%27true%27%20frameborder%3D%270%27%20sandbox%3D%27allow%20-%20popups%20allow%20-%20popups%20-%20to%20-%20escape%20-%20sandbox%20allow%20-%20same%20-%20origin%20allow%20-%20scripts%27%0D%0A%20%20%20%20%20%20%20%20%20%20%20%20%20%20%20%20%20%20%20%20%20%20%20%20src%20%3D%27https%3A%2F%2Fdiscord.com%2Fwidget%3Fid%3D912836748558618654%26theme%3Ddark%27%3E%0D%0A%20%20%20%20%20%20%20%20%20%20%20%20%20%20%20%20%20%20%20%20%3C%2Fiframe%3E%0D%0A%20%20%20%20%20%20%20%20%20%20%20%20%20%20%20%20%3C%2Fbody%3E%0D%0A%20%20%20%20%20%20%20%20%20%20%20%20%3Chtml%3E (5)
[1124/024024.700:WARNING:browser_info.cc(298)] Returning a speculative frame for 21474836485 [5,5]
[1124/024024.862:WARNING:browser_info.cc(298)] Returning a speculative frame for 21474836485 [5,5]
[1124/024024.862:WARNING:browser_info.cc(298)] Returning a speculative frame for 21474836485 [5,5]
[1124/024024.863:WARNING:browser_info.cc(298)] Returning a speculative frame for 21474836485 [5,5]
[1124/024024.863:WARNING:browser_info.cc(298)] Returning a speculative frame for 21474836485 [5,5]
[1124/024024.866:INFO:CONSOLE(0)] "Error with Permissions-Policy header: Unrecognized feature: 'interest-cohort'.", source:  (0)
[1124/024024.906:INFO:CONSOLE(0)] "Blocked script execution in 'https://discord.com/widget?id=912836748558618654&theme=dark' because the document's frame is sandboxed and the 'allow-scripts' permission is not set.", source: https://discord.com/widget?id=912836748558618654&theme=dark (0)
[1124/024024.906:INFO:CONSOLE(0)] "Blocked script execution in 'https://discord.com/widget?id=912836748558618654&theme=dark' because the document's frame is sandboxed and the 'allow-scripts' permission is not set.", source: https://discord.com/widget?id=912836748558618654&theme=dark (0)
[1124/024024.938:INFO:CONSOLE(0)] "Refused to apply style from 'https://discord.com/assets/index.f7afda7848e99e6cf0ab.css' because its MIME type ('text/html') is not a supported stylesheet MIME type, and strict MIME checking is enabled.", source: https://discord.com/widget?id=912836748558618654&theme=dark (0)
[1124/024455.560:INFO:CONSOLE(1)] "Error while parsing the 'sandbox' attribute: 'allow', '-', 'popups', 'to', 'escape', 'sandbox', 'same', 'origin', 'scripts' are invalid sandbox flags.", source: https://discord.com/widget?id=912836748558618654&theme=dark (1)
[1124/024717.318:INFO:CONSOLE(1)] "Error while parsing the 'sandbox' attribute: 'allow', '-', 'popups', 'to', 'escape', 'sandbox', 'same', 'origin', 'scripts' are invalid sandbox flags.", source: https://discord.com/widget?id=912836748558618654&theme=dark (1)
[1124/024808.271:INFO:CONSOLE(1)] "Error while parsing the 'sandbox' attribute: 'allow', '-', 'popups', 'to', 'escape', 'sandbox', 'same', 'origin', 'scripts' are invalid sandbox flags.", source: https://discord.com/widget?id=912836748558618654&theme=dark (1)
[1124/025150.387:INFO:CONSOLE(1)] "Error while parsing the 'sandbox' attribute: 'allow', '-', 'popups', 'to', 'escape', 'sandbox', 'same', 'origin', 'scripts' are invalid sandbox flags.", source: https://discord.com/widget?id=912836748558618654&theme=dark (1)
[1124/025317.158:INFO:CONSOLE(5)] "Error while parsing the 'sandbox' attribute: 'allow', '-', 'popups', 'to', 'escape', 'sandbox', 'same', 'origin', 'scripts' are invalid sandbox flags.", source: data:text/html,%0D%0A%20%20%20%20%20%20%20%20%20%20%20%20%3Chtml%3E%0D%0A%20%20%20%20%20%20%20%20%20%20%20%20%20%20%20%20%3Cbody%3E%0D%0A%20%20%20%20%20%20%20%20%20%20%20%20%20%20%20%20%20%20%20%20%3Ciframe%20width%3D%27350%27%20height%3D%27500%27%20allowtransparency%3D%27true%27%20frameborder%3D%270%27%20sandbox%3D%27allow%20-%20popups%20allow%20-%20popups%20-%20to%20-%20escape%20-%20sandbox%20allow%20-%20same%20-%20origin%20allow%20-%20scripts%27%0D%0A%20%20%20%20%20%20%20%20%20%20%20%20%20%20%20%20%20%20%20%20%20%20%20%20src%20%3D%27https%3A%2F%2Fdiscord.com%2Fwidget%3Fid%3D912836748558618654%26theme%3Ddark%27%3E%0D%0A%20%20%20%20%20%20%20%20%20%20%20%20%20%20%20%20%20%20%20%20%3C%2Fiframe%3E%0D%0A%20%20%20%20%20%20%20%20%20%20%20%20%20%20%20%20%3C%2Fbody%3E%0D%0A%20%20%20%20%20%20%20%20%20%20%20%20%3C%2Fhtml%3E (5)
[1124/025317.169:WARNING:browser_info.cc(298)] Returning a speculative frame for 21474836485 [5,5]
[1124/025317.264:WARNING:browser_info.cc(298)] Returning a speculative frame for 21474836485 [5,5]
[1124/025317.264:WARNING:browser_info.cc(298)] Returning a speculative frame for 21474836485 [5,5]
[1124/025317.264:WARNING:browser_info.cc(298)] Returning a speculative frame for 21474836485 [5,5]
[1124/025317.264:WARNING:browser_info.cc(298)] Returning a speculative frame for 21474836485 [5,5]
[1124/025317.266:INFO:CONSOLE(0)] "Error with Permissions-Policy header: Unrecognized feature: 'interest-cohort'.", source:  (0)
[1124/025317.296:INFO:CONSOLE(0)] "Blocked script execution in 'https://discord.com/widget?id=912836748558618654&theme=dark' because the document's frame is sandboxed and the 'allow-scripts' permission is not set.", source: https://discord.com/widget?id=912836748558618654&theme=dark (0)
[1124/025317.296:INFO:CONSOLE(0)] "Blocked script execution in 'https://discord.com/widget?id=912836748558618654&theme=dark' because the document's frame is sandboxed and the 'allow-scripts' permission is not set.", source: https://discord.com/widget?id=912836748558618654&theme=dark (0)
[1124/025317.322:INFO:CONSOLE(0)] "Refused to apply style from 'https://discord.com/assets/index.f7afda7848e99e6cf0ab.css' because its MIME type ('text/html') is not a supported stylesheet MIME type, and strict MIME checking is enabled.", source: https://discord.com/widget?id=912836748558618654&theme=dark (0)
[1124/025854.921:INFO:CONSOLE(1)] "Error while parsing the 'sandbox' attribute: 'allow', '-', 'popups', 'to', 'escape', 'sandbox', 'same', 'origin', 'scripts' are invalid sandbox flags.", source: https://discord.com/widget?id=912836748558618654&theme=dark (1)
[1124/030222.413:INFO:CONSOLE(1)] "Error while parsing the 'sandbox' attribute: 'allow', '-', 'popups', 'to', 'escape', 'sandbox', 'same', 'origin', 'scripts' are invalid sandbox flags.", source: https://discord.com/widget?id=912836748558618654&theme=dark (1)
[1124/030417.484:INFO:CONSOLE(1)] "Error while parsing the 'sandbox' attribute: 'allow', '-', 'popups', 'to', 'escape', 'sandbox', 'same', 'origin', 'scripts' are invalid sandbox flags.", source: https://discord.com/widget?id=912836748558618654&theme=dark (1)
[1124/030528.072:INFO:CONSOLE(0)] "Error with Permissions-Policy header: Unrecognized feature: 'interest-cohort'.", source:  (0)
[1124/030725.364:INFO:CONSOLE(0)] "Error with Permissions-Policy header: Unrecognized feature: 'interest-cohort'.", source:  (0)
[1124/030735.275:INFO:CONSOLE(0)] "Error with Permissions-Policy header: Unrecognized feature: 'interest-cohort'.", source:  (0)
[1124/030735.927:INFO:CONSOLE(130)] "%c[Logger.tsx] 
font-weight: bold;
color: purple;
 Logger has loaded", source: https://discord.com/assets/3cf77b996e1fcc8c8896.js (130)
[1124/030736.395:INFO:CONSOLE(130)] "%c[default] 
font-weight: bold;
color: purple;
 [BUILD INFO] Release Channel: stable, Build Number: 105691, Version Hash: 039634f8b06bf40775fb1a0b570057abbd74d56f", source: https://discord.com/assets/3cf77b996e1fcc8c8896.js (130)
[1124/030736.398:INFO:CONSOLE(130)] "AppCrashedFatalReport: getLastCrash not supported.", source: https://discord.com/assets/3cf77b996e1fcc8c8896.js (130)
[1124/030823.846:INFO:CONSOLE(0)] "Error with Permissions-Policy header: Unrecognized feature: 'interest-cohort'.", source:  (0)
[1124/030835.351:INFO:CONSOLE(0)] "Error with Permissions-Policy header: Unrecognized feature: 'interest-cohort'.", source:  (0)
[1124/030835.993:INFO:CONSOLE(130)] "%c[Logger.tsx] 
font-weight: bold;
color: purple;
 Logger has loaded", source: https://discord.com/assets/3cf77b996e1fcc8c8896.js (130)
[1124/030836.437:INFO:CONSOLE(130)] "%c[default] 
font-weight: bold;
color: purple;
 [BUILD INFO] Release Channel: stable, Build Number: 105691, Version Hash: 039634f8b06bf40775fb1a0b570057abbd74d56f", source: https://discord.com/assets/3cf77b996e1fcc8c8896.js (130)
[1124/030836.439:INFO:CONSOLE(130)] "AppCrashedFatalReport: getLastCrash not supported.", source: https://discord.com/assets/3cf77b996e1fcc8c8896.js (130)
[1124/030840.294:INFO:CONSOLE(130)] "%c[AuthenticationStore] 
font-weight: bold;
color: purple;
 removeAuthToken called. [object Object]", source: https://discord.com/assets/3cf77b996e1fcc8c8896.js (130)
[1124/030840.296:INFO:CONSOLE(130)] "%c[Routing/Utils] 
font-weight: bold;
color: purple;
 transitionTo - Transitioning to /invite/tvGpGg4j/login", source: https://discord.com/assets/3cf77b996e1fcc8c8896.js (130)
[1124/030840.330:INFO:CONSOLE(130)] "%c[LoginQRSocket] 
font-weight: bold;
color: purple;
 [0ms] connecting to wss://remote-auth-gateway.discord.gg/?v=1", source: https://discord.com/assets/3cf77b996e1fcc8c8896.js (130)
[1124/030840.558:INFO:CONSOLE(130)] "%c[LoginQRSocket] 
font-weight: bold;
color: purple;
 [228ms] got hello, auth timeout=121073ms", source: https://discord.com/assets/3cf77b996e1fcc8c8896.js (130)
[1124/030840.700:INFO:CONSOLE(130)] "%c[LoginQRSocket] 
font-weight: bold;
color: purple;
 [370ms] connected, handshaking with fingerprint: fr6s4nQVQub-raSCZW9bKaR9ePhXUPXO7OGwERy8Nx0", source: https://discord.com/assets/3cf77b996e1fcc8c8896.js (130)
[1124/030840.847:INFO:CONSOLE(130)] "%c[LoginQRSocket] 
font-weight: bold;
color: purple;
 [517ms] computed nonce proof", source: https://discord.com/assets/3cf77b996e1fcc8c8896.js (130)
[1124/030840.986:INFO:CONSOLE(130)] "%c[LoginQRSocket] 
font-weight: bold;
color: purple;
 [655ms] handshake complete awaiting remote auth.", source: https://discord.com/assets/3cf77b996e1fcc8c8896.js (130)
[1124/030906.984:INFO:CONSOLE(130)] "%c[AuthenticationStore] 
font-weight: bold;
color: purple;
 setAuthToken called. [object Object]", source: https://discord.com/assets/3cf77b996e1fcc8c8896.js (130)
[1124/030906.996:INFO:CONSOLE(130)] "%c[LoginQRSocket] 
font-weight: bold;
color: purple;
 [26665ms] cleaning up", source: https://discord.com/assets/3cf77b996e1fcc8c8896.js (130)
[1124/030907.325:INFO:CONSOLE(130)] "%c[Routing/Utils] 
font-weight: bold;
color: purple;
 transitionTo - Transitioning to /channels/912836748558618654/912836748558618657", source: https://discord.com/assets/3cf77b996e1fcc8c8896.js (130)
[1124/030907.374:INFO:CONSOLE(0)] "Error with Permissions-Policy header: Unrecognized feature: 'interest-cohort'.", source:  (0)
[1124/030907.429:INFO:CONSOLE(49)] "[FAST CONNECT] connecting to: wss://gateway.discord.gg/?encoding=json&v=9&compress=zlib-stream", source: https://discord.com/channels/912836748558618654/912836748558618657 (49)
[1124/030907.853:INFO:CONSOLE(130)] "%c[Logger.tsx] 
font-weight: bold;
color: purple;
 Logger has loaded", source: https://discord.com/assets/3cf77b996e1fcc8c8896.js (130)
[1124/030908.277:INFO:CONSOLE(130)] "%c[default] 
font-weight: bold;
color: purple;
 [BUILD INFO] Release Channel: stable, Build Number: 105691, Version Hash: 039634f8b06bf40775fb1a0b570057abbd74d56f", source: https://discord.com/assets/3cf77b996e1fcc8c8896.js (130)
[1124/030908.279:INFO:CONSOLE(130)] "AppCrashedFatalReport: getLastCrash not supported.", source: https://discord.com/assets/3cf77b996e1fcc8c8896.js (130)
[1124/030908.366:INFO:CONSOLE(130)] "[FAST CONNECT] connected in 936ms", source: https://discord.com/assets/3cf77b996e1fcc8c8896.js (130)
[1124/030909.909:INFO:CONSOLE(130)] "%c[GatewaySocket] 
font-weight: bold;
color: purple;
 [CONNECT] wss://gateway.discord.gg, encoding: json, version: 9, compression: zlib-stream", source: https://discord.com/assets/3cf77b996e1fcc8c8896.js (130)
[1124/030909.909:INFO:CONSOLE(130)] "[FAST CONNECT] successfully took over websocket, state: [object Object]", source: https://discord.com/assets/3cf77b996e1fcc8c8896.js (130)
[1124/030909.909:INFO:CONSOLE(130)] "%c[GatewaySocket] 
font-weight: bold;
color: purple;
 [CONNECTED] wss://gateway.discord.gg/?encoding=json&v=9&compress=zlib-stream in 0 ms", source: https://discord.com/assets/3cf77b996e1fcc8c8896.js (130)
[1124/030909.910:INFO:CONSOLE(130)] "%c[ConnectionStore] 
font-weight: bold;
color: purple;
 handleIdentify called [object Object]", source: https://discord.com/assets/3cf77b996e1fcc8c8896.js (130)
[1124/030909.910:INFO:CONSOLE(130)] "%c[GatewaySocket] 
font-weight: bold;
color: purple;
 [IDENTIFY]", source: https://discord.com/assets/3cf77b996e1fcc8c8896.js (130)
[1124/030909.921:INFO:CONSOLE(130)] "%c[GatewaySocket] 
font-weight: bold;
color: purple;
 [HELLO] via ["gateway-prd-main-rqrs",{"micros":0.0}], heartbeat interval: 41250, took 12 ms", source: https://discord.com/assets/3cf77b996e1fcc8c8896.js (130)
[1124/030910.217:INFO:CONSOLE(130)] "%c[GatewaySocket] 
font-weight: bold;
color: purple;
 [READY] took 308ms, via ["gateway-prd-main-rqrs",{"micros":147034,"calls":["discord-sessions-blue-prd-2-35",{"micros":145985,"calls":["start_session",{"micros":80417,"calls":["api-prd-main-76np",{"micros":49251,"calls":["get_user",{"micros":3509},"add_authorized_ip",{"micros":4198},"get_guilds",{"micros":3673},"private_channels",{"micros":2381},"read_states",{"micros":3139},"coros_wait",{"micros":101},"aliases",{"micros":2019},"affine_user_ids",{"micros":20732},"experiments",{"micros":2458}]}]},"guilds_connect",{"micros":6563,"calls":[]},"presence_connect",{"micros":31572,"calls":[]}]}]}] as a8ec247efa9ea98958326e876aae6eba", source: https://discord.com/assets/3cf77b996e1fcc8c8896.js (130)
[1124/030910.220:INFO:CONSOLE(130)] "%c[AuthenticationStore] 
font-weight: bold;
color: purple;
 handleConnectionOpen called [object Object]", source: https://discord.com/assets/3cf77b996e1fcc8c8896.js (130)
[1124/030910.250:WARNING:http_cache_transaction.cc(2390)] Multiple or malformed validation headers found.
[1124/030910.251:INFO:CONSOLE(130)] "%c[MessageActionCreators] 
font-weight: bold;
color: purple;
 Fetching messages for 912836748558618657 between undefined and undefined. jump=undefined", source: https://discord.com/assets/3cf77b996e1fcc8c8896.js (130)
[1124/030910.316:INFO:CONSOLE(130)] "%c[GatewaySocket] 
font-weight: bold;
color: purple;
 [READY_SUPPLEMENTAL] took 406ms", source: https://discord.com/assets/3cf77b996e1fcc8c8896.js (130)
[1124/030910.795:INFO:CONSOLE(130)] "%c[Flux] 
font-weight: bold;
color: purple;
 Slow batch emitChanges took 313ms recentActions: TRACK -> CONNECTION_OPEN_SUPPLEMENTAL -> VOICE_STATE_UPDATES -> GUILD_SUBSCRIPTIONS_FLUSH -> GAMES_DATABASE_UPDATE -> PRESENCE_UPDATE -> GUILD_MEMBER_LIST_UPDATE -> LOAD_GUILD_AFFINITIES_SUCCESS -> LIBRARY_FETCH_SUCCESS -> I18N_LOAD_SUCCESS", source: https://discord.com/assets/3cf77b996e1fcc8c8896.js (130)
[1124/030910.795:INFO:CONSOLE(130)] "%c[Flux] 
font-weight: bold;
color: purple;
 Slow dispatch on I18N_LOAD_SUCCESS: 314ms", source: https://discord.com/assets/3cf77b996e1fcc8c8896.js (130)
[1124/030910.928:INFO:CONSOLE(130)] "%c[MessageActionCreators] 
font-weight: bold;
color: purple;
 Fetched 1 messages for 912836748558618657 isBefore:false isAfter:false", source: https://discord.com/assets/3cf77b996e1fcc8c8896.js (130)
[1124/030932.383:INFO:CONSOLE(0)] "Error with Permissions-Policy header: Unrecognized feature: 'interest-cohort'.", source:  (0)
[1124/030932.544:INFO:CONSOLE(44)] "[FAST CONNECT] connecting to: wss://gateway.discord.gg/?encoding=json&v=9&compress=zlib-stream", source: https://discord.com/invite/tvGpGg4j?utm_source=Discord%20Widget&utm_medium=Connect (44)
[1124/030932.831:INFO:CONSOLE(130)] "%c[Logger.tsx] 
font-weight: bold;
color: purple;
 Logger has loaded", source: https://discord.com/assets/3cf77b996e1fcc8c8896.js (130)
[1124/030933.298:INFO:CONSOLE(130)] "%c[default] 
font-weight: bold;
color: purple;
 [BUILD INFO] Release Channel: stable, Build Number: 105691, Version Hash: 039634f8b06bf40775fb1a0b570057abbd74d56f", source: https://discord.com/assets/3cf77b996e1fcc8c8896.js (130)
[1124/030933.300:INFO:CONSOLE(130)] "AppCrashedFatalReport: getLastCrash not supported.", source: https://discord.com/assets/3cf77b996e1fcc8c8896.js (130)
[1124/030933.354:INFO:CONSOLE(130)] "[FAST CONNECT] connected in 809ms", source: https://discord.com/assets/3cf77b996e1fcc8c8896.js (130)
[1124/030938.135:ERROR:browser_info_manager.cc(547)] Timeout of new browser info response for frame 38654705668 [9,4]
[1124/031024.479:ERROR:gpu_init.cc(453)] Passthrough is not supported, GL is disabled, ANGLE is 
[1124/031145.371:INFO:CONSOLE(0)] "Error with Permissions-Policy header: Unrecognized feature: 'interest-cohort'.", source:  (0)
[1124/031345.782:ERROR:gpu_init.cc(453)] Passthrough is not supported, GL is disabled, ANGLE is 
